\BOOKMARK [0][-]{chapter*.1}{Organizadores}{}% 1
\BOOKMARK [0][-]{chapter*.2}{Licen\347a}{}% 2
\BOOKMARK [0][-]{chapter*.3}{Nota dos organizadores}{}% 3
\BOOKMARK [0][-]{chapter*.4}{Pref\341cio}{}% 4
\BOOKMARK [0][-]{chapter.1}{Introdu\347\343o}{}% 5
\BOOKMARK [1][-]{section.1.1}{N\372meros reais e intervalos de num\351ricos reais}{chapter.1}% 6
\BOOKMARK [1][-]{section.1.2}{Fun\347\365es reais e gr\341fico}{chapter.1}% 7
\BOOKMARK [1][-]{section.1.3}{Fun\347\365es trigonom\351tricas}{chapter.1}% 8
\BOOKMARK [1][-]{section.1.4}{Fun\347\343o inversa}{chapter.1}% 9
\BOOKMARK [1][-]{section.1.5}{Fun\347\343o composta}{chapter.1}% 10
\BOOKMARK [1][-]{section.1.6}{Exerc\355cios finais}{chapter.1}% 11
\BOOKMARK [0][-]{chapter.2}{Limites}{}% 12
\BOOKMARK [1][-]{section.2.1}{A ideia de limite}{chapter.2}% 13
\BOOKMARK [2][-]{subsection.2.1.1}{Limites no infinito}{section.2.1}% 14
\BOOKMARK [1][-]{section.2.2}{Opera\347\365es com limites}{chapter.2}% 15
\BOOKMARK [1][-]{section.2.3}{Fun\347\365es cont\355nuas}{chapter.2}% 16
\BOOKMARK [1][-]{section.2.4}{Fun\347\365es exponenciais e logaritmicas}{chapter.2}% 17
\BOOKMARK [1][-]{section.2.5}{Fun\347\365es trigonom\351tricas}{chapter.2}% 18
\BOOKMARK [1][-]{section.2.6}{Defini\347\343o rigorosa de limite*}{chapter.2}% 19
\BOOKMARK [1][-]{section.2.7}{Exerc\355cios finais}{chapter.2}% 20
\BOOKMARK [0][-]{chapter.3}{Derivadas}{}% 21
\BOOKMARK [1][-]{section.3.1}{Coeficiente angular e reta tangente}{chapter.3}% 22
\BOOKMARK [1][-]{section.3.2}{Fun\347\343o derivada}{chapter.3}% 23
\BOOKMARK [1][-]{section.3.3}{Taxas de varia\347\343o}{chapter.3}% 24
\BOOKMARK [1][-]{section.3.4}{Soma, diferen\347a e produto por constante}{chapter.3}% 25
\BOOKMARK [1][-]{section.3.5}{Derivada de fun\347\343o polinomial}{chapter.3}% 26
\BOOKMARK [1][-]{section.3.6}{Regra do produto}{chapter.3}% 27
\BOOKMARK [1][-]{section.3.7}{Regra do quociente}{chapter.3}% 28
\BOOKMARK [1][-]{section.3.8}{Regra da cadeia}{chapter.3}% 29
\BOOKMARK [1][-]{section.3.9}{Deriva\347\343o impl\355cita}{chapter.3}% 30
\BOOKMARK [1][-]{section.3.10}{Derivada de fun\347\365es trigonom\351tricas}{chapter.3}% 31
\BOOKMARK [1][-]{section.3.11}{Derivada de fun\347\365es exponenciais e logar\355tmicas}{chapter.3}% 32
\BOOKMARK [1][-]{section.3.12}{Taxas relacionadas}{chapter.3}% 33
\BOOKMARK [1][-]{section.3.13}{Teorema de L'H\364pital}{chapter.3}% 34
\BOOKMARK [1][-]{section.3.14}{Derivadas de ordem superior}{chapter.3}% 35
\BOOKMARK [1][-]{section.3.15}{Exerc\355cios finais}{chapter.3}% 36
\BOOKMARK [0][-]{chapter.4}{Aplica\347\365es das derivadas}{}% 37
\BOOKMARK [1][-]{section.4.1}{Teorema do valor m\351dio}{chapter.4}% 38
\BOOKMARK [1][-]{section.4.2}{Fun\347\365es crescentes e decrescentes}{chapter.4}% 39
\BOOKMARK [1][-]{section.4.3}{M\341ximos e m\355nimos}{chapter.4}% 40
\BOOKMARK [1][-]{section.4.4}{Concavidade}{chapter.4}% 41
\BOOKMARK [1][-]{section.4.5}{Problemas de otimiza\347\343o}{chapter.4}% 42
\BOOKMARK [1][-]{section.4.6}{Exerc\355cios finais}{chapter.4}% 43
\BOOKMARK [0][-]{chapter.5}{Integra\347\343o}{}% 44
\BOOKMARK [1][-]{section.5.1}{Primitiva de uma fun\347\343o}{chapter.5}% 45
\BOOKMARK [1][-]{section.5.2}{Integra\347\343o por substitui\347\343o}{chapter.5}% 46
\BOOKMARK [1][-]{section.5.3}{Integral definida}{chapter.5}% 47
\BOOKMARK [1][-]{section.5.4}{Teorema fundamental do c\341lculo}{chapter.5}% 48
\BOOKMARK [1][-]{section.5.5}{C\341lculo de \341reas}{chapter.5}% 49
\BOOKMARK [1][-]{section.5.6}{integrais impr\363prias}{chapter.5}% 50
\BOOKMARK [1][-]{section.5.7}{Exerc\355cios finais}{chapter.5}% 51
\BOOKMARK [0][-]{chapter.6}{Aplica\347\365es da integra\347\343o}{}% 52
\BOOKMARK [1][-]{section.6.1}{Integra\347\343o por partes}{chapter.6}% 53
\BOOKMARK [1][-]{section.6.2}{Integrais trigonom\351tricas}{chapter.6}% 54
\BOOKMARK [1][-]{section.6.3}{Fra\347\365es parciais}{chapter.6}% 55
\BOOKMARK [1][-]{section.6.4}{Exerc\355cios finais}{chapter.6}% 56
\BOOKMARK [0][-]{chapter.7}{Aplica\347\365es da integra\347\343o}{}% 57
\BOOKMARK [1][-]{section.7.1}{Comprimento de arcos}{chapter.7}% 58
\BOOKMARK [1][-]{section.7.2}{Volumes de s\363lidos}{chapter.7}% 59
\BOOKMARK [1][-]{section.7.3}{\301reas de superf\355cies}{chapter.7}% 60
\BOOKMARK [1][-]{section.7.4}{\301rea em coordenadas polares}{chapter.7}% 61
\BOOKMARK [1][-]{section.7.5}{Centro de massa}{chapter.7}% 62
\BOOKMARK [1][-]{section.7.6}{Momento de in\351rcia}{chapter.7}% 63
\BOOKMARK [1][-]{section.7.7}{Exerc\355cios finais}{chapter.7}% 64
\BOOKMARK [0][-]{chapter.8}{Sequ\352ncias e s\351ries}{}% 65
\BOOKMARK [1][-]{section.8.1}{Sequ\352ncias}{chapter.8}% 66
\BOOKMARK [2][-]{subsection.8.1.1}{Sequ\352ncias convergentes}{section.8.1}% 67
\BOOKMARK [2][-]{subsection.8.1.2}{Sequ\352ncias mon\363tonas}{section.8.1}% 68
\BOOKMARK [1][-]{section.8.2}{S\351ries}{chapter.8}% 69
\BOOKMARK [1][-]{section.8.3}{S\351ries de termos positivos}{chapter.8}% 70
\BOOKMARK [1][-]{section.8.4}{Teste do valor final}{chapter.8}% 71
\BOOKMARK [1][-]{section.8.5}{Teste da raz\343o}{chapter.8}% 72
\BOOKMARK [1][-]{section.8.6}{Teste da raiz}{chapter.8}% 73
\BOOKMARK [1][-]{section.8.7}{Teste da integral}{chapter.8}% 74
\BOOKMARK [1][-]{section.8.8}{S\351ries alternadas}{chapter.8}% 75
\BOOKMARK [1][-]{section.8.9}{Teste de Dirichlet*}{chapter.8}% 76
\BOOKMARK [1][-]{section.8.10}{S\351ries de Taylor}{chapter.8}% 77
\BOOKMARK [1][-]{section.8.11}{Converg\352ncia de s\351ries de Taylor}{chapter.8}% 78
\BOOKMARK [1][-]{section.8.12}{Diferencia\347\343o e integra\347\343o das s\351ries de Taylor}{chapter.8}% 79
\BOOKMARK [1][-]{section.8.13}{Fun\347\365es trigonom\351tricas e exponencial*}{chapter.8}% 80
\BOOKMARK [1][-]{section.8.14}{Exerc\355cios finais}{chapter.8}% 81
\BOOKMARK [0][-]{chapter*.121}{Refer\352ncias Bibliogr\341ficas}{}% 82
