\BOOKMARK [0][-]{chapter*.1}{Organizadores}{}% 1
\BOOKMARK [0][-]{chapter*.2}{Licen\347a}{}% 2
\BOOKMARK [0][-]{chapter*.3}{Nota dos organizadores}{}% 3
\BOOKMARK [0][-]{chapter*.4}{Pref\341cio}{}% 4
\BOOKMARK [0][-]{chapter.1}{Introdu\347\343o}{}% 5
\BOOKMARK [1][-]{section.1.1}{Exerc\355cios finais}{chapter.1}% 6
\BOOKMARK [0][-]{chapter.2}{\301lgebra vetorial}{}% 7
\BOOKMARK [1][-]{section.2.1}{Vetores e escalares}{chapter.2}% 8
\BOOKMARK [1][-]{section.2.2}{O espa\347o euclidiano tridimensional}{chapter.2}% 9
\BOOKMARK [1][-]{section.2.3}{\302ngulo entre vetores e o produto escalar}{chapter.2}% 10
\BOOKMARK [1][-]{section.2.4}{O produto vetorial}{chapter.2}% 11
\BOOKMARK [1][-]{section.2.5}{Os triplos produtos e outras identidades vetoriais}{chapter.2}% 12
\BOOKMARK [1][-]{section.2.6}{Sistema de coordenadas cil\355ndricas}{chapter.2}% 13
\BOOKMARK [1][-]{section.2.7}{Sistema de coordenadas esf\351ricas}{chapter.2}% 14
\BOOKMARK [1][-]{section.2.8}{Exemplos na f\355sica}{chapter.2}% 15
\BOOKMARK [1][-]{section.2.9}{Notas avan\347adas}{chapter.2}% 16
\BOOKMARK [2][-]{subsection.2.9.1}{O que \351 um espa\347o linear?}{section.2.9}% 17
\BOOKMARK [2][-]{subsection.2.9.2}{Todo espa\347o linear tem uma base? Axioma da escolha.}{section.2.9}% 18
\BOOKMARK [2][-]{subsection.2.9.3}{Qual amplo \351 o conceito de norma?}{section.2.9}% 19
\BOOKMARK [2][-]{subsection.2.9.4}{E o produto escalar?}{section.2.9}% 20
\BOOKMARK [1][-]{section.2.10}{Exerc\355cios finais}{chapter.2}% 21
\BOOKMARK [0][-]{chapter.3}{Se\347\365es c\364nicas}{}% 22
\BOOKMARK [1][-]{section.3.1}{Par\341bola}{chapter.3}% 23
\BOOKMARK [2][-]{subsection.3.1.1}{Equa\347\343o can\364nica}{section.3.1}% 24
\BOOKMARK [2][-]{subsection.3.1.2}{Propriedades}{section.3.1}% 25
\BOOKMARK [2][-]{subsection.3.1.3}{Forma param\351trica}{section.3.1}% 26
\BOOKMARK [1][-]{section.3.2}{Elipse}{chapter.3}% 27
\BOOKMARK [2][-]{subsection.3.2.1}{Equa\347\343o can\364nica}{section.3.2}% 28
\BOOKMARK [2][-]{subsection.3.2.2}{Propriedades}{section.3.2}% 29
\BOOKMARK [2][-]{subsection.3.2.3}{Forma param\351trica}{section.3.2}% 30
\BOOKMARK [1][-]{section.3.3}{Hip\351rbole}{chapter.3}% 31
\BOOKMARK [2][-]{subsection.3.3.1}{Equa\347\343o can\364nica}{section.3.3}% 32
\BOOKMARK [2][-]{subsection.3.3.2}{Propriedades}{section.3.3}% 33
\BOOKMARK [2][-]{subsection.3.3.3}{Forma param\351trica}{section.3.3}% 34
\BOOKMARK [1][-]{section.3.4}{Rota\347\343o}{chapter.3}% 35
\BOOKMARK [2][-]{subsection.3.4.1}{Discriminante}{section.3.4}% 36
\BOOKMARK [1][-]{section.3.5}{Conex\343o com se\347\365es do cone}{chapter.3}% 37
\BOOKMARK [1][-]{section.3.6}{C\364nicas em coordenadas polares}{chapter.3}% 38
\BOOKMARK [1][-]{section.3.7}{Exerc\355cios finais}{chapter.3}% 39
\BOOKMARK [0][-]{chapter.4}{Superf\355cies Qu\341dricas}{}% 40
\BOOKMARK [1][-]{section.4.1}{Elips\363ide}{chapter.4}% 41
\BOOKMARK [2][-]{subsection.4.1.1}{Equa\347\343o can\364nica}{section.4.1}% 42
\BOOKMARK [2][-]{subsection.4.1.2}{Propriedades}{section.4.1}% 43
\BOOKMARK [2][-]{subsection.4.1.3}{Forma param\351trica}{section.4.1}% 44
\BOOKMARK [1][-]{section.4.2}{Parabol\363ide el\355ptico}{chapter.4}% 45
\BOOKMARK [2][-]{subsection.4.2.1}{Equa\347\343o can\364nica}{section.4.2}% 46
\BOOKMARK [2][-]{subsection.4.2.2}{Propriedades}{section.4.2}% 47
\BOOKMARK [2][-]{subsection.4.2.3}{Forma param\351trica}{section.4.2}% 48
\BOOKMARK [1][-]{section.4.3}{Parabol\363ide hiperb\363lico}{chapter.4}% 49
\BOOKMARK [2][-]{subsection.4.3.1}{Equa\347\343o can\364nica}{section.4.3}% 50
\BOOKMARK [2][-]{subsection.4.3.2}{Propriedades}{section.4.3}% 51
\BOOKMARK [2][-]{subsection.4.3.3}{Forma param\351trica}{section.4.3}% 52
\BOOKMARK [1][-]{section.4.4}{Hiperbol\363ide de uma folha}{chapter.4}% 53
\BOOKMARK [2][-]{subsection.4.4.1}{Equa\347\343o can\364nica}{section.4.4}% 54
\BOOKMARK [2][-]{subsection.4.4.2}{Propriedades}{section.4.4}% 55
\BOOKMARK [2][-]{subsection.4.4.3}{Forma param\351trica}{section.4.4}% 56
\BOOKMARK [1][-]{section.4.5}{Hiperbol\363ide de duas folhas}{chapter.4}% 57
\BOOKMARK [2][-]{subsection.4.5.1}{Equa\347\343o can\364nica}{section.4.5}% 58
\BOOKMARK [2][-]{subsection.4.5.2}{Propriedades}{section.4.5}% 59
\BOOKMARK [2][-]{subsection.4.5.3}{Forma param\351trica}{section.4.5}% 60
\BOOKMARK [1][-]{section.4.6}{Cil\355ndro el\355ptico}{chapter.4}% 61
\BOOKMARK [2][-]{subsection.4.6.1}{Equa\347\343o can\364nica}{section.4.6}% 62
\BOOKMARK [2][-]{subsection.4.6.2}{Propriedades}{section.4.6}% 63
\BOOKMARK [2][-]{subsection.4.6.3}{Forma param\351trica}{section.4.6}% 64
\BOOKMARK [1][-]{section.4.7}{Cilindro hiperb\363lico}{chapter.4}% 65
\BOOKMARK [2][-]{subsection.4.7.1}{Equa\347\343o can\364nica}{section.4.7}% 66
\BOOKMARK [2][-]{subsection.4.7.2}{Propriedades}{section.4.7}% 67
\BOOKMARK [2][-]{subsection.4.7.3}{Forma param\351trica}{section.4.7}% 68
\BOOKMARK [1][-]{section.4.8}{Cilindro parab\363lico}{chapter.4}% 69
\BOOKMARK [2][-]{subsection.4.8.1}{Equa\347\343o can\364nica}{section.4.8}% 70
\BOOKMARK [2][-]{subsection.4.8.2}{Propriedades}{section.4.8}% 71
\BOOKMARK [2][-]{subsection.4.8.3}{Forma param\351trica}{section.4.8}% 72
\BOOKMARK [1][-]{section.4.9}{Cone el\355ptico}{chapter.4}% 73
\BOOKMARK [2][-]{subsection.4.9.1}{Equa\347\343o can\364nica}{section.4.9}% 74
\BOOKMARK [2][-]{subsection.4.9.2}{Propriedades}{section.4.9}% 75
\BOOKMARK [2][-]{subsection.4.9.3}{Forma param\351trica}{section.4.9}% 76
\BOOKMARK [1][-]{section.4.10}{Exerc\355cios finais}{chapter.4}% 77
\BOOKMARK [0][-]{chapter.5}{Derivadas parciais}{}% 78
\BOOKMARK [1][-]{section.5.1}{Exerc\355cios finais}{chapter.5}% 79
\BOOKMARK [0][-]{chapter.6}{Integrais m\372ltiplas}{}% 80
\BOOKMARK [1][-]{section.6.1}{Exerc\355cios finais}{chapter.6}% 81
\BOOKMARK [0][-]{chapter*.38}{Refer\352ncias Bibliogr\341ficas}{}% 82
